app/build/intermediates/manifest_merge_blame_file/debug/manifest-merger-blame-debug-report.txt
1<?xml version="1.0" encoding="utf-8"?>
2<manifest xmlns:android="http://schemas.android.com/apk/res/android"
3    package="com.vj017877.spacebound"
4    android:versionCode="1"
5    android:versionName="1.0" >
6
7    <uses-sdk
8        android:minSdkVersion="14"
8-->src\main\AndroidManifest.xml
9        android:targetSdkVersion="29" />
9-->src\main\AndroidManifest.xml
10
11    <application
11-->src\main\AndroidManifest.xml:6:5-64:19
12        android:allowBackup="true"
12-->src\main\AndroidManifest.xml:7:9-35
13        android:appComponentFactory="androidx.core.app.CoreComponentFactory"
13-->[androidx.core:core:1.0.1] AndroidManifest.xml:22:18-86
14        android:debuggable="true"
15        android:icon="@mipmap/ic_launcher_round"
15-->src\main\AndroidManifest.xml:8:9-49
16        android:label="@string/app_name"
16-->src\main\AndroidManifest.xml:9:9-41
17        android:roundIcon="@mipmap/ic_launcher_round"
17-->src\main\AndroidManifest.xml:10:9-54
18        android:supportsRtl="true"
18-->src\main\AndroidManifest.xml:11:9-35
19        android:theme="@style/AppTheme" >
19-->src\main\AndroidManifest.xml:12:9-40
20        <activity
20-->src\main\AndroidManifest.xml:13:9-17:65
21            android:name="com.vj017877.spacebound.CustomMapActivity"
21-->src\main\AndroidManifest.xml:14:13-46
22            android:screenOrientation="portrait"
22-->src\main\AndroidManifest.xml:15:13-49
23            android:theme="@style/AppTheme.NoActionBar" />
23-->src\main\AndroidManifest.xml:16:13-56
24        <activity
24-->src\main\AndroidManifest.xml:18:9-22:65
25            android:name="com.vj017877.spacebound.TutorialActivity"
25-->src\main\AndroidManifest.xml:19:13-45
26            android:screenOrientation="portrait"
26-->src\main\AndroidManifest.xml:20:13-49
27            android:theme="@style/AppTheme.NoActionBar" />
27-->src\main\AndroidManifest.xml:21:13-56
28        <activity
28-->src\main\AndroidManifest.xml:23:9-27:56
29            android:name="com.vj017877.spacebound.LevelActivity"
29-->src\main\AndroidManifest.xml:24:13-42
30            android:screenOrientation="portrait"
30-->src\main\AndroidManifest.xml:25:13-49
31            android:theme="@style/AppTheme.NoActionBar" />
31-->src\main\AndroidManifest.xml:26:13-56
32        <activity
32-->src\main\AndroidManifest.xml:28:9-32:56
33            android:name="com.vj017877.spacebound.HighscoreActivity"
33-->src\main\AndroidManifest.xml:29:13-46
34            android:screenOrientation="portrait"
34-->src\main\AndroidManifest.xml:30:13-49
35            android:theme="@style/AppTheme.NoActionBar" />
35-->src\main\AndroidManifest.xml:31:13-56
36        <activity
36-->src\main\AndroidManifest.xml:33:9-37:56
37            android:name="com.vj017877.spacebound.AboutActivity"
37-->src\main\AndroidManifest.xml:34:13-42
38            android:screenOrientation="portrait"
38-->src\main\AndroidManifest.xml:35:13-49
39            android:theme="@style/AppTheme.NoActionBar" />
39-->src\main\AndroidManifest.xml:36:13-56
40        <activity
40-->src\main\AndroidManifest.xml:38:9-42:56
41            android:name="com.vj017877.spacebound.GameActivity"
41-->src\main\AndroidManifest.xml:39:13-41
42            android:screenOrientation="landscape"
42-->src\main\AndroidManifest.xml:40:13-50
43            android:theme="@style/AppTheme.NoActionBar" />
43-->src\main\AndroidManifest.xml:41:13-56
44        <activity
44-->src\main\AndroidManifest.xml:43:9-47:56
45            android:name="com.vj017877.spacebound.GameActivity2"
45-->src\main\AndroidManifest.xml:44:13-42
46            android:screenOrientation="landscape"
46-->src\main\AndroidManifest.xml:45:13-50
47            android:theme="@style/AppTheme.NoActionBar" />
47-->src\main\AndroidManifest.xml:46:13-56
48        <activity
48-->src\main\AndroidManifest.xml:48:9-52:56
49            android:name="com.vj017877.spacebound.GameActivity3"
49-->src\main\AndroidManifest.xml:49:13-42
50            android:screenOrientation="landscape"
50-->src\main\AndroidManifest.xml:50:13-50
51            android:theme="@style/AppTheme.NoActionBar" />
51-->src\main\AndroidManifest.xml:51:13-56
52        <activity
52-->src\main\AndroidManifest.xml:53:9-63:20
53            android:name="com.vj017877.spacebound.MainActivity"
53-->src\main\AndroidManifest.xml:54:13-41
54            android:screenOrientation="portrait"
54-->src\main\AndroidManifest.xml:55:13-49
55            android:theme="@style/AppTheme.NoActionBar" >
55-->src\main\AndroidManifest.xml:56:13-56
56            <intent-filter>
56-->src\main\AndroidManifest.xml:58:13-62:29
57                <action android:name="android.intent.action.MAIN" />
57-->src\main\AndroidManifest.xml:59:17-69
57-->src\main\AndroidManifest.xml:59:25-66
58
59                <category android:name="android.intent.category.LAUNCHER" />
59-->src\main\AndroidManifest.xml:61:17-77
59-->src\main\AndroidManifest.xml:61:27-74
60            </intent-filter>
61        </activity>
62    </application>
63
64</manifest>